# JRE version: OpenJDK Runtime Environment (7.0_131) (build 1.7.0_131-b00)
# Java VM: OpenJDK 64-Bit Server VM (24.131-b00 mixed mode linux-amd64 compressed oops)
Heap
 def new generation   total 30976K, used 3355K [0x00000000e3000000, 0x00000000e5190000, 0x00000000e9350000)
  eden space 27584K,  12% used [0x00000000e3000000, 0x00000000e3346f18, 0x00000000e4af0000)
  from space 3392K,   0% used [0x00000000e4af0000, 0x00000000e4af0000, 0x00000000e4e40000)
  to   space 3392K,   0% used [0x00000000e4e40000, 0x00000000e4e40000, 0x00000000e5190000)
 tenured generation   total 72492K, used 72491K [0x00000000e9350000, 0x00000000eda1b000, 0x00000000f5a00000)
   the space 72492K,  99% used [0x00000000e9350000, 0x00000000eda1aff8, 0x00000000eda1b000, 0x00000000eda1b000)
 compacting perm gen  total 25088K, used 24977K [0x00000000f5a00000, 0x00000000f7280000, 0x0000000100000000)
   the space 25088K,  99% used [0x00000000f5a00000, 0x00000000f7264750, 0x00000000f7264800, 0x00000000f7280000)
GC Heap History (10 events):
Event: 31.590 GC heap after
Heap after GC invocations=39 (full 4):
 def new generation   total 18112K, used 0K [0x00000000e3000000, 0x00000000e43a0000, 0x00000000e9350000)
  eden space 16128K,   0% used [0x00000000e3000000, 0x00000000e3000000, 0x00000000e3fc0000)
  from space 1984K,   0% used [0x00000000e3fc0000, 0x00000000e3fc0000, 0x00000000e41b0000)
  to   space 1984K,   0% used [0x00000000e41b0000, 0x00000000e41b0000, 0x00000000e43a0000)
 tenured generation   total 40136K, used 24081K [0x00000000e9350000, 0x00000000eba82000, 0x00000000f5a00000)
   the space 40136K,  59% used [0x00000000e9350000, 0x00000000eaad4468, 0x00000000eaad4600, 0x00000000eba82000)
 compacting perm gen  total 25088K, used 24946K [0x00000000f5a00000, 0x00000000f7280000, 0x0000000100000000)
   the space 25088K,  99% used [0x00000000f5a00000, 0x00000000f725c988, 0x00000000f725ca00, 0x00000000f7280000)
No shared spaces configured.
}
Event: 32.626 GC heap before
{Heap before GC invocations=39 (full 4):
 def new generation   total 18112K, used 16128K [0x00000000e3000000, 0x00000000e43a0000, 0x00000000e9350000)
  eden space 16128K, 100% used [0x00000000e3000000, 0x00000000e3fc0000, 0x00000000e3fc0000)
  from space 1984K,   0% used [0x00000000e3fc0000, 0x00000000e3fc0000, 0x00000000e41b0000)
  to   space 1984K,   0% used [0x00000000e41b0000, 0x00000000e41b0000, 0x00000000e43a0000)
 tenured generation   total 40136K, used 24081K [0x00000000e9350000, 0x00000000eba82000, 0x00000000f5a00000)
   the space 40136K,  59% used [0x00000000e9350000, 0x00000000eaad4468, 0x00000000eaad4600, 0x00000000eba82000)
 compacting perm gen  total 25088K, used 24946K [0x00000000f5a00000, 0x00000000f7280000, 0x0000000100000000)
   the space 25088K,  99% used [0x00000000f5a00000, 0x00000000f725cae8, 0x00000000f725cc00, 0x00000000f7280000)
No shared spaces configured.
Event: 33.118 GC heap after
Heap after GC invocations=40 (full 4):
 def new generation   total 18112K, used 1984K [0x00000000e3000000, 0x00000000e43a0000, 0x00000000e9350000)
  eden space 16128K,   0% used [0x00000000e3000000, 0x00000000e3000000, 0x00000000e3fc0000)
  from space 1984K, 100% used [0x00000000e41b0000, 0x00000000e43a0000, 0x00000000e43a0000)
  to   space 1984K,   0% used [0x00000000e3fc0000, 0x00000000e3fc0000, 0x00000000e41b0000)
 tenured generation   total 40136K, used 26580K [0x00000000e9350000, 0x00000000eba82000, 0x00000000f5a00000)
   the space 40136K,  66% used [0x00000000e9350000, 0x00000000ead450d0, 0x00000000ead45200, 0x00000000eba82000)
 compacting perm gen  total 25088K, used 24946K [0x00000000f5a00000, 0x00000000f7280000, 0x0000000100000000)
   the space 25088K,  99% used [0x00000000f5a00000, 0x00000000f725cae8, 0x00000000f725cc00, 0x00000000f7280000)
No shared spaces configured.
}
Event: 34.885 GC heap before
{Heap before GC invocations=40 (full 4):
 def new generation   total 18112K, used 18112K [0x00000000e3000000, 0x00000000e43a0000, 0x00000000e9350000)
  eden space 16128K, 100% used [0x00000000e3000000, 0x00000000e3fc0000, 0x00000000e3fc0000)
  from space 1984K, 100% used [0x00000000e41b0000, 0x00000000e43a0000, 0x00000000e43a0000)
  to   space 1984K,   0% used [0x00000000e3fc0000, 0x00000000e3fc0000, 0x00000000e41b0000)
 tenured generation   total 40136K, used 26580K [0x00000000e9350000, 0x00000000eba82000, 0x00000000f5a00000)
   the space 40136K,  66% used [0x00000000e9350000, 0x00000000ead450d0, 0x00000000ead45200, 0x00000000eba82000)
 compacting perm gen  total 25088K, used 24959K [0x00000000f5a00000, 0x00000000f7280000, 0x0000000100000000)
   the space 25088K,  99% used [0x00000000f5a00000, 0x00000000f725fe60, 0x00000000f7260000, 0x00000000f7280000)
No shared spaces configured.
Event: 35.353 GC heap after
Heap after GC invocations=41 (full 4):
 def new generation   total 18112K, used 1984K [0x00000000e3000000, 0x00000000e43a0000, 0x00000000e9350000)
  eden space 16128K,   0% used [0x00000000e3000000, 0x00000000e3000000, 0x00000000e3fc0000)
  from space 1984K, 100% used [0x00000000e3fc0000, 0x00000000e41b0000, 0x00000000e41b0000)
  to   space 1984K,   0% used [0x00000000e41b0000, 0x00000000e41b0000, 0x00000000e43a0000)
 tenured generation   total 40136K, used 34062K [0x00000000e9350000, 0x00000000eba82000, 0x00000000f5a00000)
   the space 40136K,  84% used [0x00000000e9350000, 0x00000000eb493ac0, 0x00000000eb493c00, 0x00000000eba82000)
 compacting perm gen  total 25088K, used 24959K [0x00000000f5a00000, 0x00000000f7280000, 0x0000000100000000)
   the space 25088K,  99% used [0x00000000f5a00000, 0x00000000f725fe60, 0x00000000f7260000, 0x00000000f7280000)
No shared spaces configured.
}
Event: 36.357 GC heap before
{Heap before GC invocations=41 (full 4):
 def new generation   total 18112K, used 18112K [0x00000000e3000000, 0x00000000e43a0000, 0x00000000e9350000)
  eden space 16128K, 100% used [0x00000000e3000000, 0x00000000e3fc0000, 0x00000000e3fc0000)
  from space 1984K, 100% used [0x00000000e3fc0000, 0x00000000e41b0000, 0x00000000e41b0000)
  to   space 1984K,   0% used [0x00000000e41b0000, 0x00000000e41b0000, 0x00000000e43a0000)
 tenured generation   total 40136K, used 34062K [0x00000000e9350000, 0x00000000eba82000, 0x00000000f5a00000)
   the space 40136K,  84% used [0x00000000e9350000, 0x00000000eb493ac0, 0x00000000eb493c00, 0x00000000eba82000)
 compacting perm gen  total 25088K, used 24959K [0x00000000f5a00000, 0x00000000f7280000, 0x0000000100000000)
   the space 25088K,  99% used [0x00000000f5a00000, 0x00000000f725fe60, 0x00000000f7260000, 0x00000000f7280000)
No shared spaces configured.
Event: 40.648 GC heap after
Heap after GC invocations=42 (full 5):
 def new generation   total 30976K, used 0K [0x00000000e3000000, 0x00000000e5190000, 0x00000000e9350000)
  eden space 27584K,   0% used [0x00000000e3000000, 0x00000000e3000000, 0x00000000e4af0000)
  from space 3392K,   0% used [0x00000000e4af0000, 0x00000000e4af0000, 0x00000000e4e40000)
  to   space 3392K,   0% used [0x00000000e4e40000, 0x00000000e4e40000, 0x00000000e5190000)
 tenured generation   total 68652K, used 41190K [0x00000000e9350000, 0x00000000ed65b000, 0x00000000f5a00000)
   the space 68652K,  59% used [0x00000000e9350000, 0x00000000ebb89ba8, 0x00000000ebb89c00, 0x00000000ed65b000)
 compacting perm gen  total 25088K, used 24959K [0x00000000f5a00000, 0x00000000f7280000, 0x0000000100000000)
   the space 25088K,  99% used [0x00000000f5a00000, 0x00000000f725fe60, 0x00000000f7260000, 0x00000000f7280000)
No shared spaces configured.
}
Event: 44.346 GC heap before
{Heap before GC invocations=42 (full 5):
 def new generation   total 30976K, used 27584K [0x00000000e3000000, 0x00000000e5190000, 0x00000000e9350000)
  eden space 27584K, 100% used [0x00000000e3000000, 0x00000000e4af0000, 0x00000000e4af0000)
  from space 3392K,   0% used [0x00000000e4af0000, 0x00000000e4af0000, 0x00000000e4e40000)
  to   space 3392K,   0% used [0x00000000e4e40000, 0x00000000e4e40000, 0x00000000e5190000)
 tenured generation   total 68652K, used 41190K [0x00000000e9350000, 0x00000000ed65b000, 0x00000000f5a00000)
   the space 68652K,  59% used [0x00000000e9350000, 0x00000000ebb89ba8, 0x00000000ebb89c00, 0x00000000ed65b000)
 compacting perm gen  total 25088K, used 24960K [0x00000000f5a00000, 0x00000000f7280000, 0x0000000100000000)
   the space 25088K,  99% used [0x00000000f5a00000, 0x00000000f72600f0, 0x00000000f7260200, 0x00000000f7280000)
No shared spaces configured.
Event: 46.846 GC heap after
Heap after GC invocations=43 (full 5):
 def new generation   total 30976K, used 3392K [0x00000000e3000000, 0x00000000e5190000, 0x00000000e9350000)
  eden space 27584K,   0% used [0x00000000e3000000, 0x00000000e3000000, 0x00000000e4af0000)
  from space 3392K, 100% used [0x00000000e4e40000, 0x00000000e5190000, 0x00000000e5190000)
  to   space 3392K,   0% used [0x00000000e4af0000, 0x00000000e4af0000, 0x00000000e4e40000)
 tenured generation   total 68652K, used 59158K [0x00000000e9350000, 0x00000000ed65b000, 0x00000000f5a00000)
   the space 68652K,  86% used [0x00000000e9350000, 0x00000000ecd15b18, 0x00000000ecd15c00, 0x00000000ed65b000)
 compacting perm gen  total 25088K, used 24960K [0x00000000f5a00000, 0x00000000f7280000, 0x0000000100000000)
   the space 25088K,  99% used [0x00000000f5a00000, 0x00000000f72600f0, 0x00000000f7260200, 0x00000000f7280000)
No shared spaces configured.
}
Event: 50.092 GC heap before
{Heap before GC invocations=43 (full 5):
 def new generation   total 30976K, used 30976K [0x00000000e3000000, 0x00000000e5190000, 0x00000000e9350000)
  eden space 27584K, 100% used [0x00000000e3000000, 0x00000000e4af0000, 0x00000000e4af0000)
  from space 3392K, 100% used [0x00000000e4e40000, 0x00000000e5190000, 0x00000000e5190000)
  to   space 3392K,   0% used [0x00000000e4af0000, 0x00000000e4af0000, 0x00000000e4e40000)
 tenured generation   total 68652K, used 59158K [0x00000000e9350000, 0x00000000ed65b000, 0x00000000f5a00000)
   the space 68652K,  86% used [0x00000000e9350000, 0x00000000ecd15b18, 0x00000000ecd15c00, 0x00000000ed65b000)
 compacting perm gen  total 25088K, used 24977K [0x00000000f5a00000, 0x00000000f7280000, 0x0000000100000000)
   the space 25088K,  99% used [0x00000000f5a00000, 0x00000000f7264750, 0x00000000f7264800, 0x00000000f7280000)
No shared spaces configured.

